<?xml version="1.0" encoding="UTF-8"?>
<!-- Generated by org.testng.reporters.JUnitReportReporter -->
<testsuite skipped="0" hostname="XT-T-PRABHATA" name="hooksTest" tests="2" failures="0" timestamp="03 Jan 2019 07:53:55 GMT" time="4.455" errors="0">
  <testcase name="dataCreation" time="4.439" classname="hooksTest"/>
  <testcase name="afterScenario" time="0.016" classname="hooksTest"/>
</testsuite> <!-- hooksTest -->
